# JRE version: Java(TM) SE Runtime Environment (8.0) (build 1.8.0_481-b10)
# Java VM: Java HotSpot(TM) Client VM (25.481-b10 mixed mode, sharing windows-x86 )
Heap:
 def new generation   total 12096K, used 2513K [0x04600000, 0x05310000, 0x09b50000)
  eden space 10816K,  23% used [0x04600000, 0x04874618, 0x05090000)
  from space 1280K,   0% used [0x05090000, 0x05090000, 0x051d0000)
  to   space 1280K,   0% used [0x051d0000, 0x051d0000, 0x05310000)
 tenured generation   total 26620K, used 15971K [0x09b50000, 0x0b54f000, 0x14600000)
   the space 26620K,  59% used [0x09b50000, 0x0aae8f90, 0x0aae9000, 0x0b54f000)
 Metaspace       used 5827K, capacity 6544K, committed 7040K, reserved 7552K
GC Heap History (10 events):
Event: 1.059 GC heap before
{Heap before GC invocations=65 (full 1):
 def new generation   total 8192K, used 8192K [0x04600000, 0x04ee0000, 0x09b50000)
  eden space 7296K, 100% used [0x04600000, 0x04d20000, 0x04d20000)
  from space 896K, 100% used [0x04d20000, 0x04e00000, 0x04e00000)
  to   space 896K,   0% used [0x04e00000, 0x04e00000, 0x04ee0000)
 tenured generation   total 18076K, used 15056K [0x09b50000, 0x0acf7000, 0x14600000)
   the space 18076K,  83% used [0x09b50000, 0x0aa042f8, 0x0aa04400, 0x0acf7000)
 Metaspace       used 5679K, capacity 6634K, committed 6656K, reserved 7552K
Event: 1.062 GC heap after
Heap after GC invocations=66 (full 1):
 def new generation   total 8192K, used 895K [0x04600000, 0x04ee0000, 0x09b50000)
  eden space 7296K,   0% used [0x04600000, 0x04600000, 0x04d20000)
  from space 896K,  99% used [0x04e00000, 0x04edfff8, 0x04ee0000)
  to   space 896K,   0% used [0x04d20000, 0x04d20000, 0x04e00000)
 tenured generation   total 18076K, used 15665K [0x09b50000, 0x0acf7000, 0x14600000)
   the space 18076K,  86% used [0x09b50000, 0x0aa9c490, 0x0aa9c600, 0x0acf7000)
 Metaspace       used 5679K, capacity 6634K, committed 6656K, reserved 7552K
}
Event: 2.183 GC heap before
{Heap before GC invocations=66 (full 1):
 def new generation   total 8192K, used 8191K [0x04600000, 0x04ee0000, 0x09b50000)
  eden space 7296K, 100% used [0x04600000, 0x04d20000, 0x04d20000)
  from space 896K,  99% used [0x04e00000, 0x04edfff8, 0x04ee0000)
  to   space 896K,   0% used [0x04d20000, 0x04d20000, 0x04e00000)
 tenured generation   total 18076K, used 15665K [0x09b50000, 0x0acf7000, 0x14600000)
   the space 18076K,  86% used [0x09b50000, 0x0aa9c490, 0x0aa9c600, 0x0acf7000)
 Metaspace       used 5967K, capacity 6963K, committed 7040K, reserved 7552K
Event: 2.185 GC heap after
Heap after GC invocations=67 (full 1):
 def new generation   total 8192K, used 613K [0x04600000, 0x04ee0000, 0x09b50000)
  eden space 7296K,   0% used [0x04600000, 0x04600000, 0x04d20000)
  from space 896K,  68% used [0x04d20000, 0x04db95e0, 0x04e00000)
  to   space 896K,   0% used [0x04e00000, 0x04e00000, 0x04ee0000)
 tenured generation   total 18076K, used 16045K [0x09b50000, 0x0acf7000, 0x14600000)
   the space 18076K,  88% used [0x09b50000, 0x0aafb488, 0x0aafb600, 0x0acf7000)
 Metaspace       used 5967K, capacity 6963K, committed 7040K, reserved 7552K
}
Event: 11.182 GC heap before
{Heap before GC invocations=67 (full 1):
 def new generation   total 8192K, used 7909K [0x04600000, 0x04ee0000, 0x09b50000)
  eden space 7296K, 100% used [0x04600000, 0x04d20000, 0x04d20000)
  from space 896K,  68% used [0x04d20000, 0x04db95e0, 0x04e00000)
  to   space 896K,   0% used [0x04e00000, 0x04e00000, 0x04ee0000)
 tenured generation   total 18076K, used 16045K [0x09b50000, 0x0acf7000, 0x14600000)
   the space 18076K,  88% used [0x09b50000, 0x0aafb488, 0x0aafb600, 0x0acf7000)
 Metaspace       used 5967K, capacity 6963K, committed 7040K, reserved 7552K
Event: 11.184 GC heap after
Heap after GC invocations=68 (full 1):
 def new generation   total 8192K, used 895K [0x04600000, 0x04ee0000, 0x09b50000)
  eden space 7296K,   0% used [0x04600000, 0x04600000, 0x04d20000)
  from space 896K,  99% used [0x04e00000, 0x04edfff8, 0x04ee0000)
  to   space 896K,   0% used [0x04d20000, 0x04d20000, 0x04e00000)
 tenured generation   total 18076K, used 16984K [0x09b50000, 0x0acf7000, 0x14600000)
   the space 18076K,  93% used [0x09b50000, 0x0abe6368, 0x0abe6400, 0x0acf7000)
 Metaspace       used 5967K, capacity 6963K, committed 7040K, reserved 7552K
}
Event: 16.183 GC heap before
{Heap before GC invocations=68 (full 1):
 def new generation   total 8192K, used 8191K [0x04600000, 0x04ee0000, 0x09b50000)
  eden space 7296K, 100% used [0x04600000, 0x04d20000, 0x04d20000)
  from space 896K,  99% used [0x04e00000, 0x04edfff8, 0x04ee0000)
  to   space 896K,   0% used [0x04d20000, 0x04d20000, 0x04e00000)
 tenured generation   total 18076K, used 16984K [0x09b50000, 0x0acf7000, 0x14600000)
   the space 18076K,  93% used [0x09b50000, 0x0abe6368, 0x0abe6400, 0x0acf7000)
 Metaspace       used 5981K, capacity 6981K, committed 7040K, reserved 7552K
Event: 16.186 GC heap after
Heap after GC invocations=69 (full 1):
 def new generation   total 8192K, used 895K [0x04600000, 0x04ee0000, 0x09b50000)
  eden space 7296K,   0% used [0x04600000, 0x04600000, 0x04d20000)
  from space 896K,  99% used [0x04d20000, 0x04dfffd8, 0x04e00000)
  to   space 896K,   0% used [0x04e00000, 0x04e00000, 0x04ee0000)
 tenured generation   total 18076K, used 17813K [0x09b50000, 0x0acf7000, 0x14600000)
   the space 18076K,  98% used [0x09b50000, 0x0acb5770, 0x0acb5800, 0x0acf7000)
 Metaspace       used 5981K, capacity 6981K, committed 7040K, reserved 7552K
}
Event: 28.504 GC heap before
{Heap before GC invocations=69 (full 1):
 def new generation   total 8192K, used 8191K [0x04600000, 0x04ee0000, 0x09b50000)
  eden space 7296K, 100% used [0x04600000, 0x04d20000, 0x04d20000)
  from space 896K,  99% used [0x04d20000, 0x04dfffd8, 0x04e00000)
  to   space 896K,   0% used [0x04e00000, 0x04e00000, 0x04ee0000)
 tenured generation   total 18076K, used 17813K [0x09b50000, 0x0acf7000, 0x14600000)
   the space 18076K,  98% used [0x09b50000, 0x0acb5770, 0x0acb5800, 0x0acf7000)
 Metaspace       used 5981K, capacity 6981K, committed 7040K, reserved 7552K
Event: 28.520 GC heap after
Heap after GC invocations=70 (full 2):
 def new generation   total 12096K, used 0K [0x04600000, 0x05310000, 0x09b50000)
  eden space 10816K,   0% used [0x04600000, 0x04600000, 0x05090000)
  from space 1280K,   0% used [0x05090000, 0x05090000, 0x051d0000)
  to   space 1280K,   0% used [0x051d0000, 0x051d0000, 0x05310000)
 tenured generation   total 26620K, used 15971K [0x09b50000, 0x0b54f000, 0x14600000)
   the space 26620K,  59% used [0x09b50000, 0x0aae8f90, 0x0aae9000, 0x0b54f000)
 Metaspace       used 5802K, capacity 6541K, committed 7040K, reserved 7552K
}

